D:\Visual studio - projects\WarsztatACS\AnularCore\dist\out-tsc\src\app\guards\auth-guard.service.js
D:\Visual studio - projects\WarsztatACS\AnularCore\dist\out-tsc\src\app\guards\auth-guard.service.js.map
D:\Visual studio - projects\WarsztatACS\AnularCore\dist\out-tsc\src\app\app.component.js
D:\Visual studio - projects\WarsztatACS\AnularCore\dist\out-tsc\src\app\app.component.js.map
D:\Visual studio - projects\WarsztatACS\AnularCore\dist\out-tsc\src\app\home\home.component.js
D:\Visual studio - projects\WarsztatACS\AnularCore\dist\out-tsc\src\app\home\home.component.js.map
D:\Visual studio - projects\WarsztatACS\AnularCore\dist\out-tsc\src\app\login\login.component.js
D:\Visual studio - projects\WarsztatACS\AnularCore\dist\out-tsc\src\app\login\login.component.js.map
D:\Visual studio - projects\WarsztatACS\AnularCore\dist\out-tsc\src\app\customers\customers.component.js
D:\Visual studio - projects\WarsztatACS\AnularCore\dist\out-tsc\src\app\customers\customers.component.js.map
D:\Visual studio - projects\WarsztatACS\AnularCore\dist\out-tsc\src\app\shared\layout\header.component.js
D:\Visual studio - projects\WarsztatACS\AnularCore\dist\out-tsc\src\app\shared\layout\header.component.js.map
D:\Visual studio - projects\WarsztatACS\AnularCore\dist\out-tsc\src\app\shared\layout\footer.component.js
D:\Visual studio - projects\WarsztatACS\AnularCore\dist\out-tsc\src\app\shared\layout\footer.component.js.map
D:\Visual studio - projects\WarsztatACS\AnularCore\dist\out-tsc\src\app\orders\orders.component.js
D:\Visual studio - projects\WarsztatACS\AnularCore\dist\out-tsc\src\app\orders\orders.component.js.map
D:\Visual studio - projects\WarsztatACS\AnularCore\dist\out-tsc\src\app\clients\clients.component.js
D:\Visual studio - projects\WarsztatACS\AnularCore\dist\out-tsc\src\app\clients\clients.component.js.map
D:\Visual studio - projects\WarsztatACS\AnularCore\dist\out-tsc\src\app\app.module.js
D:\Visual studio - projects\WarsztatACS\AnularCore\dist\out-tsc\src\app\app.module.js.map
D:\Visual studio - projects\WarsztatACS\AnularCore\dist\out-tsc\src\environments\environment.js
D:\Visual studio - projects\WarsztatACS\AnularCore\dist\out-tsc\src\environments\environment.js.map
D:\Visual studio - projects\WarsztatACS\AnularCore\dist\out-tsc\src\main.js
D:\Visual studio - projects\WarsztatACS\AnularCore\dist\out-tsc\src\main.js.map
D:\Visual studio - projects\WarsztatACS\AnularCore\dist\out-tsc\src\polyfills.js
D:\Visual studio - projects\WarsztatACS\AnularCore\dist\out-tsc\src\polyfills.js.map
D:\Visual studio - projects\WarsztatACS\AnularCore\dist\out-tsc\src\test.js
D:\Visual studio - projects\WarsztatACS\AnularCore\dist\out-tsc\src\test.js.map
D:\Visual studio - projects\WarsztatACS\AnularCore\dist\out-tsc\e2e\src\app.po.js
D:\Visual studio - projects\WarsztatACS\AnularCore\dist\out-tsc\e2e\src\app.po.js.map
D:\Visual studio - projects\WarsztatACS\AnularCore\dist\out-tsc\e2e\src\app.e2e-spec.js
D:\Visual studio - projects\WarsztatACS\AnularCore\dist\out-tsc\e2e\src\app.e2e-spec.js.map
D:\Visual studio - projects\WarsztatACS\AnularCore\dist\out-tsc\src\app\app.component.spec.js
D:\Visual studio - projects\WarsztatACS\AnularCore\dist\out-tsc\src\app\app.component.spec.js.map
D:\Visual studio - projects\WarsztatACS\AnularCore\dist\out-tsc\src\environments\environment.prod.js
D:\Visual studio - projects\WarsztatACS\AnularCore\dist\out-tsc\src\environments\environment.prod.js.map
D:\Visual studio - projects\WarsztatACS\AnularCore\dist\out-tsc\src\app\clients\clients.component.spec.js
D:\Visual studio - projects\WarsztatACS\AnularCore\dist\out-tsc\src\app\clients\clients.component.spec.js.map
D:\Visual studio - projects\WarsztatACS\AnularCore\dist\out-tsc\src\app\orders\orders.component.spec.js
D:\Visual studio - projects\WarsztatACS\AnularCore\dist\out-tsc\src\app\orders\orders.component.spec.js.map
